<?xml version="1.0" encoding="UTF-8"?>
<testng-results ignored="0" total="1" passed="1" failed="0" skipped="0">
  <reporter-output>
  </reporter-output>
  <suite started-at="2022-03-30T23:57:05Z" name="Default suite" finished-at="2022-03-30T23:57:23Z" duration-ms="17360">
    <groups>
    </groups>
    <test started-at="2022-03-30T23:57:05Z" name="Default test" finished-at="2022-03-30T23:57:23Z" duration-ms="17360">
      <class name="com.qa.tests.TasksListPage">
        <test-method is-config="true" signature="setReport()[pri:0, instance:com.qa.tests.TasksListPage@455b6df1]" started-at="2022-03-30T23:57:05Z" name="setReport" finished-at="2022-03-30T23:57:05Z" duration-ms="151" status="PASS">
          <reporter-output>
          </reporter-output>
        </test-method> <!-- setReport -->
        <test-method is-config="true" signature="setup()[pri:0, instance:com.qa.tests.TasksListPage@455b6df1]" started-at="2022-03-30T23:57:05Z" name="setup" finished-at="2022-03-30T23:57:08Z" duration-ms="2956" status="PASS">
          <reporter-output>
          </reporter-output>
        </test-method> <!-- setup -->
        <test-method signature="taskslist()[pri:1, instance:com.qa.tests.TasksListPage@455b6df1]" started-at="2022-03-30T23:57:08Z" name="taskslist" finished-at="2022-03-30T23:57:17Z" duration-ms="8482" status="PASS">
          <reporter-output>
          </reporter-output>
        </test-method> <!-- taskslist -->
        <test-method is-config="true" signature="tearDown()[pri:0, instance:com.qa.tests.TasksListPage@455b6df1]" started-at="2022-03-30T23:57:17Z" name="tearDown" finished-at="2022-03-30T23:57:23Z" duration-ms="5910" status="PASS">
          <reporter-output>
          </reporter-output>
        </test-method> <!-- tearDown -->
      </class> <!-- com.qa.tests.TasksListPage -->
    </test> <!-- Default test -->
  </suite> <!-- Default suite -->
</testng-results>
